c:\users\xodnj\desktop\lecture3_teamassignment_1\defaultwindow\defaultwindow\debug\defaultwindow.pch
c:\users\xodnj\desktop\lecture3_teamassignment_1\defaultwindow\defaultwindow\debug\vc140.pdb
c:\users\xodnj\desktop\lecture3_teamassignment_1\defaultwindow\defaultwindow\debug\vc140.idb
c:\users\xodnj\desktop\lecture3_teamassignment_1\defaultwindow\defaultwindow\debug\stdafx.obj
c:\users\xodnj\desktop\lecture3_teamassignment_1\defaultwindow\defaultwindow\debug\gamecore.obj
c:\users\xodnj\desktop\lecture3_teamassignment_1\defaultwindow\defaultwindow\debug\gun.obj
c:\users\xodnj\desktop\lecture3_teamassignment_1\defaultwindow\defaultwindow\debug\item.obj
c:\users\xodnj\desktop\lecture3_teamassignment_1\defaultwindow\defaultwindow\debug\machinegun.obj
c:\users\xodnj\desktop\lecture3_teamassignment_1\defaultwindow\defaultwindow\debug\normalgun.obj
c:\users\xodnj\desktop\lecture3_teamassignment_1\defaultwindow\defaultwindow\debug\obj.obj
c:\users\xodnj\desktop\lecture3_teamassignment_1\defaultwindow\defaultwindow\debug\satellite.obj
c:\users\xodnj\desktop\lecture3_teamassignment_1\defaultwindow\defaultwindow\debug\scene.obj
c:\users\xodnj\desktop\lecture3_teamassignment_1\defaultwindow\defaultwindow\debug\scenemgr.obj
c:\users\xodnj\desktop\lecture3_teamassignment_1\defaultwindow\defaultwindow\debug\scene_clear.obj
c:\users\xodnj\desktop\lecture3_teamassignment_1\defaultwindow\defaultwindow\debug\scene_exit.obj
c:\users\xodnj\desktop\lecture3_teamassignment_1\defaultwindow\defaultwindow\debug\scene_gameover.obj
c:\users\xodnj\desktop\lecture3_teamassignment_1\defaultwindow\defaultwindow\debug\scene_stage1.obj
c:\users\xodnj\desktop\lecture3_teamassignment_1\defaultwindow\defaultwindow\debug\scene_stage2.obj
c:\users\xodnj\desktop\lecture3_teamassignment_1\defaultwindow\defaultwindow\debug\scene_start.obj
c:\users\xodnj\desktop\lecture3_teamassignment_1\defaultwindow\defaultwindow\debug\scene_test.obj
c:\users\xodnj\desktop\lecture3_teamassignment_1\defaultwindow\defaultwindow\debug\screwgun.obj
c:\users\xodnj\desktop\lecture3_teamassignment_1\defaultwindow\defaultwindow\debug\selectgdi.obj
c:\users\xodnj\desktop\lecture3_teamassignment_1\defaultwindow\defaultwindow\debug\shotgun.obj
c:\users\xodnj\desktop\lecture3_teamassignment_1\defaultwindow\defaultwindow\debug\bullet.obj
c:\users\xodnj\desktop\lecture3_teamassignment_1\defaultwindow\defaultwindow\debug\collisonmgr.obj
c:\users\xodnj\desktop\lecture3_teamassignment_1\defaultwindow\defaultwindow\debug\defaultwindow.obj
c:\users\xodnj\desktop\lecture3_teamassignment_1\defaultwindow\defaultwindow\debug\enemy.obj
c:\users\xodnj\desktop\lecture3_teamassignment_1\defaultwindow\defaultwindow\debug\eventfunc.obj
c:\users\xodnj\desktop\lecture3_teamassignment_1\defaultwindow\defaultwindow\debug\eventmgr.obj
c:\users\xodnj\desktop\lecture3_teamassignment_1\defaultwindow\defaultwindow\debug\followgun.obj
c:\users\xodnj\desktop\lecture3_teamassignment_1\defaultwindow\defaultwindow\debug\player.obj
c:\users\xodnj\desktop\lecture3_teamassignment_1\defaultwindow\defaultwindow\debug\item_timestop.obj
c:\users\xodnj\desktop\lecture3_teamassignment_1\defaultwindow\defaultwindow\debug\item_speedslow.obj
c:\users\xodnj\desktop\lecture3_teamassignment_1\defaultwindow\defaultwindow\debug\item_speedup.obj
c:\users\xodnj\desktop\lecture3_teamassignment_1\defaultwindow\defaultwindow\debug\item_ball.obj
c:\users\xodnj\desktop\lecture3_teamassignment_1\defaultwindow\defaultwindow\debug\item_bomb.obj
c:\users\xodnj\desktop\lecture3_teamassignment_1\defaultwindow\defaultwindow\debug\item_boundball.obj
c:\users\xodnj\desktop\lecture3_teamassignment_1\defaultwindow\defaultwindow\debug\item_deleteenermy_projectile.obj
c:\users\xodnj\desktop\lecture3_teamassignment_1\defaultwindow\defaultwindow\debug\item_explosion.obj
c:\users\xodnj\desktop\lecture3_teamassignment_1\defaultwindow\defaultwindow\debug\item_followgun.obj
c:\users\xodnj\desktop\lecture3_teamassignment_1\defaultwindow\defaultwindow\debug\item_invincibility.obj
c:\users\xodnj\desktop\lecture3_teamassignment_1\defaultwindow\defaultwindow\debug\item_life.obj
c:\users\xodnj\desktop\lecture3_teamassignment_1\defaultwindow\defaultwindow\debug\item_machinegun.obj
c:\users\xodnj\desktop\lecture3_teamassignment_1\defaultwindow\defaultwindow\debug\item_magnetic.obj
c:\users\xodnj\desktop\lecture3_teamassignment_1\defaultwindow\defaultwindow\debug\item_normalgun.obj
c:\users\xodnj\desktop\lecture3_teamassignment_1\defaultwindow\defaultwindow\debug\item_remainbullet.obj
c:\users\xodnj\desktop\lecture3_teamassignment_1\defaultwindow\defaultwindow\debug\item_satellite.obj
c:\users\xodnj\desktop\lecture3_teamassignment_1\defaultwindow\defaultwindow\debug\citem_screwgun.obj
c:\users\xodnj\desktop\lecture3_teamassignment_1\defaultwindow\defaultwindow\debug\citem_shotgun.obj
c:\users\bjohn\desktop\팀 폴더\defaultwindow\debug\defaultwindow.ilk
c:\users\bjohn\desktop\팀 폴더\defaultwindow\debug\defaultwindow.exe
c:\users\bjohn\desktop\팀 폴더\defaultwindow\debug\defaultwindow.pdb
c:\users\bjohn\desktop\팀 폴더\defaultwindow\defaultwindow\debug\defaultwindow.res
c:\users\xodnj\desktop\lecture3_teamassignment_1\defaultwindow\defaultwindow\debug\bullettypechange.obj
c:\users\xodnj\desktop\lecture3_teamassignment_1\defaultwindow\defaultwindow\debug\evenetfunc.obj
c:\users\xodnj\desktop\lecture3_teamassignment_1\defaultwindow\defaultwindow\debug\lifeup.obj
c:\users\xodnj\desktop\lecture3_teamassignment_1\defaultwindow\defaultwindow\debug\maingame.obj
c:\users\xodnj\desktop\lecture3_teamassignment_1\defaultwindow\defaultwindow\debug\defaultwindow.res
c:\users\xodnj\desktop\lecture3_teamassignment_1\defaultwindow\debug\defaultwindow.pdb
c:\users\xodnj\desktop\lecture3_teamassignment_1\defaultwindow\debug\defaultwindow.exe
c:\users\xodnj\desktop\lecture3_teamassignment_1\defaultwindow\debug\defaultwindow.ilk
c:\users\xodnj\desktop\lecture3_teamassignment_1\defaultwindow\defaultwindow\debug\defaultwindow.tlog\cl.command.1.tlog
c:\users\xodnj\desktop\lecture3_teamassignment_1\defaultwindow\defaultwindow\debug\defaultwindow.tlog\cl.read.1.tlog
c:\users\xodnj\desktop\lecture3_teamassignment_1\defaultwindow\defaultwindow\debug\defaultwindow.tlog\cl.write.1.tlog
c:\users\xodnj\desktop\lecture3_teamassignment_1\defaultwindow\defaultwindow\debug\defaultwindow.tlog\link.command.1.tlog
c:\users\xodnj\desktop\lecture3_teamassignment_1\defaultwindow\defaultwindow\debug\defaultwindow.tlog\link.read.1.tlog
c:\users\xodnj\desktop\lecture3_teamassignment_1\defaultwindow\defaultwindow\debug\defaultwindow.tlog\link.write.1.tlog
c:\users\xodnj\desktop\lecture3_teamassignment_1\defaultwindow\defaultwindow\debug\defaultwindow.tlog\rc.command.1.tlog
c:\users\xodnj\desktop\lecture3_teamassignment_1\defaultwindow\defaultwindow\debug\defaultwindow.tlog\rc.read.1.tlog
c:\users\xodnj\desktop\lecture3_teamassignment_1\defaultwindow\defaultwindow\debug\defaultwindow.tlog\rc.write.1.tlog
