  stdafx.cpp
  SelectGDI.cpp
  Scene_Test.cpp
  Scene_Start.cpp
  Scene_Stage2.cpp
  Scene_Stage1.cpp
  Scene_GameOver.cpp
  Scene_Exit.cpp
  Scene_Clear.cpp
  SceneMgr.cpp
  Scene.cpp
  Player.cpp
c:\users\xodnj\desktop\lecture3_teamassignment_1\defaultwindow\defaultwindow\player.cpp(48): warning C4244: '인수': 'float'에서 'int'(으)로 변환하면서 데이터가 손실될 수 있습니다.
  Obj.cpp
  Item.cpp
  GameCore.cpp
  EventMgr.cpp
  EvenetFunc.cpp
  Enemy.cpp
  DefaultWindow.cpp
  Bullet.cpp
c:\users\xodnj\desktop\lecture3_teamassignment_1\defaultwindow\defaultwindow\bullet.cpp(6): error C2838: 'PLAYER_BULLET': 멤버 선언의 정규화된 이름이 잘못되었습니다.
c:\users\xodnj\desktop\lecture3_teamassignment_1\defaultwindow\defaultwindow\bullet.cpp(6): error C2065: 'PLAYER_BULLET': 선언되지 않은 식별자입니다.
  코드를 생성하고 있습니다...
